<?xml version="1.0" encoding="UTF-8"?>
<testsuite name="ironpeace.jobflow.Part1JobFlowTest" time="10.599" tests="1" errors="0" skipped="0" failures="1">
  <properties>
[...]
</properties>
  <testcase name="testPart1JobFlow" classname="ironpeace.jobflow.Part1JobFlowTest" time="10.599">
    <failure message="Hadoopジョブの実行に失敗しました (exitCode=255, flowId=Part1JobFlowTest-testing-flowpart, command=[/Users/ITPUser/asakusa-develop/asakusa/testing/libexec/hadoop-execute.sh, /Users/ITPUser/dev/asakusa/asakusa-develop/workspace/flowpartsample/target/testdriver/batchcwork/jobflow-flowpart.jar, test.flowpart.testing.flowpart.temporary.output.epilogue.StageClient, -D, com.asakusafw.executionId=Part1JobFlowTest-testing-flowpart, -D, com.asakusafw.batchArgs=, -D, com.asakusafw.user=ITPUser])" type="java.lang.AssertionError">java.lang.AssertionError: Hadoopジョブの実行に失敗しました (exitCode=255, flowId=Part1JobFlowTest-testing-flowpart, command=[/Users/ITPUser/asakusa-develop/asakusa/testing/libexec/hadoop-execute.sh, /Users/ITPUser/dev/asakusa/asakusa-develop/workspace/flowpartsample/target/testdriver/batchcwork/jobflow-flowpart.jar, test.flowpart.testing.flowpart.temporary.output.epilogue.StageClient, -D, com.asakusafw.executionId=Part1JobFlowTest-testing-flowpart, -D, com.asakusafw.batchArgs=, -D, com.asakusafw.user=ITPUser])
	at com.asakusafw.testdriver.JobflowExecutor.runHadoopJob(JobflowExecutor.java:345)
	at com.asakusafw.testdriver.JobflowExecutor.runJobflowJobs(JobflowExecutor.java:312)
	at com.asakusafw.testdriver.JobflowExecutor.executePlan(JobflowExecutor.java:294)
	at com.asakusafw.testdriver.JobflowExecutor.runJobflow(JobflowExecutor.java:226)
	at com.asakusafw.testdriver.FlowPartTester.runTestInternal(FlowPartTester.java:141)
	at com.asakusafw.testdriver.FlowPartTester.runTest(FlowPartTester.java:92)
	at ironpeace.jobflow.Part1JobFlowTest.testPart1JobFlow(Part1JobFlowTest.java:33)
</failure>
    <system-out>09:57:38 [main] INFO  c.a.testdriver.FlowPartDriverInput - Import Path=target/testdriver/hadoopwork/${execution_id}/input/original05fdata
09:57:38 [main] INFO  c.a.testdriver.FlowPartDriverInput - prepare - ModelType:class ironpeace.modelgen.dmdl.model.OriginalData, SourcePath:original_data.xls#input
09:57:38 [main] INFO  c.a.testdriver.DriverInputBase - Source URI:file:/Users/ITPUser/dev/asakusa/asakusa-develop/workspace/flowpartsample/target/test-classes/ironpeace/jobflow/original_data.xls#input
09:57:38 [main] INFO  c.a.testdriver.FlowPartDriverOutput - Export Path=target/testdriver/hadoopwork/${execution_id}/output/middata1-*
09:57:38 [main] INFO  c.a.testdriver.FlowPartDriverOutput - prepare - ModelType:class ironpeace.modelgen.dmdl.model.Middata1
09:57:38 [main] INFO  c.a.testdriver.DriverInputBase - Source URI:file:/Users/ITPUser/dev/asakusa/asakusa-develop/workspace/flowpartsample/target/test-classes/ironpeace/jobflow/middata1.xls#output
09:57:38 [main] INFO  c.a.testdriver.FlowPartDriverOutput - Export Path=target/testdriver/hadoopwork/${execution_id}/output/middata2-*
09:57:38 [main] INFO  c.a.testdriver.FlowPartDriverOutput - prepare - ModelType:class ironpeace.modelgen.dmdl.model.Middata2
09:57:38 [main] INFO  c.a.testdriver.DriverInputBase - Source URI:file:/Users/ITPUser/dev/asakusa/asakusa-develop/workspace/flowpartsample/target/test-classes/ironpeace/jobflow/middata2.xls#output
09:57:38 [main] INFO  c.a.testdriver.FlowPartTester - テストを開始しています: ironpeace.jobflow.Part1JobFlowTest
09:57:38 [main] INFO  c.a.testdriver.FlowPartTester - フロー部品をコンパイルしています: ironpeace.jobflow.Part1JobFlow
09:57:39 [main] INFO  c.a.c.r.SpiDataClassRepository - データモデルクラスのプラグインを読み出します
09:57:39 [main] INFO  c.a.c.r.SpiExternalIoDescriptionProcessorRepository - 外部入出力のプラグインを読み出します
09:57:39 [main] INFO  c.a.c.r.SpiFlowElementProcessorRepository - フロー要素プロセッサのプラグインを読み出します
09:57:39 [main] INFO  c.a.c.r.SpiFlowGraphRewriterRepository - グラフ書き換えプラグインを読み出します
09:57:39 [main] INFO  c.a.c.f.external.ExternalIoAnalyzer - ironpeace.jobflow.Part1JobFlowの入出力を検証しています
09:57:39 [main] INFO  c.a.compiler.flow.plan.StagePlanner - FlowGraph(ironpeace.jobflow.Part1JobFlow)の実行計画を計算中
09:57:39 [main] INFO  c.a.c.flow.logging.LoggingFilter - デバッグ用のロギング演算子を削除しています
09:57:39 [main] INFO  c.a.c.flow.stage.StageCompiler - ステージグラフの各ステージをironpeace.jobflow.Part1JobFlowをコンパイルします
09:57:39 [main] INFO  c.a.c.flow.stage.StageCompiler - ステージブロックStageBlock(id=1, maps=1, reduces=0)をコンパイルします
09:57:39 [main] INFO  c.a.c.flow.stage.ShuffleAnalyzer - StageBlock(id=1, maps=1, reduces=0)で行われるシャッフルフェーズについて分析します
09:57:39 [main] INFO  c.a.c.flow.jobflow.JobflowCompiler - Compilation Report: testing - flowpart
09:57:39 [main] INFO  c.a.c.flow.jobflow.JobflowCompiler - Imports: 1
09:57:39 [main] INFO  c.a.c.flow.jobflow.JobflowCompiler - Exports: 2
09:57:39 [main] INFO  c.a.c.flow.jobflow.JobflowCompiler - Stages : 1
09:57:39 [main] INFO  c.a.c.flow.packager.FilePackager - 生成されたソースファイルをコンパイルしています (9個のファイル)
09:57:41 [main] INFO  c.a.c.flow.packager.FilePackager - コンパイル結果をパッケージングします
09:57:41 [main] INFO  c.a.testdriver.FlowPartTester - テスト環境を初期化しています: ironpeace.jobflow.Part1JobFlowTest
09:57:41 [main] INFO  c.a.t.t.TemporaryInputPreparator - Deleting input: TemporaryImporter([target/testdriver/hadoopwork/${execution_id}/input/original05fdata])
09:57:41 [main] INFO  c.a.t.t.TemporaryOutputRetriever - Deleting output directory: TemporaryExporter(target/testdriver/hadoopwork/${execution_id}/output/middata1-*)
09:57:41 [main] WARN  c.a.t.t.TemporaryOutputRetriever - Output directory will be deleted: target/testdriver/hadoopwork/Part1JobFlowTest-testing-flowpart/output
09:57:41 [main] INFO  c.a.t.t.TemporaryOutputRetriever - Deleting output directory: TemporaryExporter(target/testdriver/hadoopwork/${execution_id}/output/middata2-*)
09:57:41 [main] WARN  c.a.t.t.TemporaryOutputRetriever - Output directory will be deleted: target/testdriver/hadoopwork/Part1JobFlowTest-testing-flowpart/output
09:57:41 [main] INFO  c.a.testdriver.FlowPartTester - テストデータを配置しています: ironpeace.jobflow.Part1JobFlowTest
09:57:41 [main] INFO  c.a.t.t.TemporaryInputPreparator - Preparing input: TemporaryImporter([target/testdriver/hadoopwork/${execution_id}/input/original05fdata])
09:57:41 [main] WARN  o.a.hadoop.util.NativeCodeLoader - Unable to load native-hadoop library for your platform... using builtin-java classes where applicable
09:57:41 [main] INFO  o.a.hadoop.io.compress.CodecPool - Got brand-new compressor
09:57:42 [main] INFO  c.a.t.excel.ExcelSheetSourceProvider - Excelシートをデータソースに利用します: file:/Users/ITPUser/dev/asakusa/asakusa-develop/workspace/flowpartsample/target/test-classes/ironpeace/jobflow/original_data.xls#input
09:57:42 [main] INFO  c.a.t.t.TemporaryOutputRetriever - Preparing initial output: TemporaryExporter(target/testdriver/hadoopwork/${execution_id}/output/middata1-*)
09:57:42 [main] INFO  c.a.t.excel.ExcelSheetSourceProvider - Excelシートをデータソースに利用します: file:/Users/ITPUser/dev/asakusa/asakusa-develop/workspace/flowpartsample/target/test-classes/ironpeace/jobflow/middata1.xls#output
09:57:42 [main] WARN  c.a.t.e.ExcelSheetDataModelSource - 有効な値を含まない行はスキップします: (row=2, id=file:/Users/ITPUser/dev/asakusa/asakusa-develop/workspace/flowpartsample/target/test-classes/ironpeace/jobflow/middata1.xls#output)
09:57:42 [main] INFO  c.a.t.t.TemporaryOutputRetriever - Preparing initial output: TemporaryExporter(target/testdriver/hadoopwork/${execution_id}/output/middata2-*)
09:57:42 [main] INFO  c.a.t.excel.ExcelSheetSourceProvider - Excelシートをデータソースに利用します: file:/Users/ITPUser/dev/asakusa/asakusa-develop/workspace/flowpartsample/target/test-classes/ironpeace/jobflow/middata2.xls#output
09:57:42 [main] WARN  c.a.t.e.ExcelSheetDataModelSource - 有効な値を含まない行はスキップします: (row=2, id=file:/Users/ITPUser/dev/asakusa/asakusa-develop/workspace/flowpartsample/target/test-classes/ironpeace/jobflow/middata2.xls#output)
09:57:42 [main] INFO  c.a.testdriver.FlowPartTester - フロー部品を実行しています: ironpeace.jobflow.Part1JobFlow
09:57:42 [main] INFO  c.a.testdriver.JobflowExecutor - [COMMAND] /Users/ITPUser/asakusa-develop/asakusa/testing/libexec/hadoop-execute.sh /Users/ITPUser/dev/asakusa/asakusa-develop/workspace/flowpartsample/target/testdriver/batchcwork/jobflow-flowpart.jar test.flowpart.testing.flowpart.stage0001.StageClient -D com.asakusafw.executionId=Part1JobFlowTest-testing-flowpart -D com.asakusafw.batchArgs= -D com.asakusafw.user=ITPUser
Starting TestDriver Hadoop Job:
 Hadoop Command: /Users/ITPUser/asakusa-develop/hadoop/bin/hadoop
    App Library: /Users/ITPUser/dev/asakusa/asakusa-develop/workspace/flowpartsample/target/testdriver/batchcwork/jobflow-flowpart.jar
   Execution ID: 
          Class: test.flowpart.testing.flowpart.stage0001.StageClient
  Defined Props: 
    Extra Props: -D com.asakusafw.executionId=Part1JobFlowTest-testing-flowpart -D com.asakusafw.batchArgs= -D com.asakusafw.user=ITPUser
13/06/04 09:57:43 INFO stage.AbstractStageClient: Hadoop Job Client: test.flowpart.testing.flowpart.stage0001.StageClient
13/06/04 09:57:43 INFO stage.AbstractStageClient: Hadoop Job Name: testing.flowpart.stage0001
13/06/04 09:57:43 INFO stage.AbstractStageClient: Input: path=target/testdriver/hadoopwork/Part1JobFlowTest-testing-flowpart/input/original05fdata, format=com.asakusafw.runtime.stage.input.TemporaryInputFormat, mapper=test.flowpart.testing.flowpart.stage0001.StageMapper1, attributes={}
13/06/04 09:57:44 INFO stage.AbstractStageClient: Output: path=target/testdriver/hadoopwork/Part1JobFlowTest-testing-flowpart/temp/testing/flowpart/stage0001/result0-*, format=com.asakusafw.runtime.stage.output.TemporaryOutputFormat, key=org.apache.hadoop.io.NullWritable, value=ironpeace.modelgen.dmdl.model.Middata1, attributes={}
13/06/04 09:57:44 INFO stage.AbstractStageClient: Output: path=target/testdriver/hadoopwork/Part1JobFlowTest-testing-flowpart/temp/testing/flowpart/stage0001/result10-*, format=com.asakusafw.runtime.stage.output.TemporaryOutputFormat, key=org.apache.hadoop.io.NullWritable, value=ironpeace.modelgen.dmdl.model.Middata2, attributes={}
13/06/04 09:57:44 INFO stage.AbstractStageClient: Reducer: N/A
13/06/04 09:57:44 INFO stage.AbstractStageClient: Submitting Job: testing.flowpart.stage0001
13/06/04 09:57:44 WARN util.NativeCodeLoader: Unable to load native-hadoop library for your platform... using builtin-java classes where applicable
13/06/04 09:57:44 INFO input.FileInputFormat: Total input paths to process : 1
13/06/04 09:57:44 INFO filecache.TrackerDistributedCacheManager: Creating jobflow-flowpart.jar in /tmp/hadoop-ITPUser/mapred/local/archive/-3144227101785827298_-1181870537_212894214/file/Users/ITPUser/dev/asakusa/asakusa-develop/workspace/flowpartsample/target/testdriver/batchcwork/jobflow-flowpart.jar-work-536856132116750863 with rwxr-xr-x
13/06/04 09:57:44 INFO filecache.TrackerDistributedCacheManager: Extracting /tmp/hadoop-ITPUser/mapred/local/archive/-3144227101785827298_-1181870537_212894214/file/Users/ITPUser/dev/asakusa/asakusa-develop/workspace/flowpartsample/target/testdriver/batchcwork/jobflow-flowpart.jar-work-536856132116750863/jobflow-flowpart.jar to /tmp/hadoop-ITPUser/mapred/local/archive/-3144227101785827298_-1181870537_212894214/file/Users/ITPUser/dev/asakusa/asakusa-develop/workspace/flowpartsample/target/testdriver/batchcwork/jobflow-flowpart.jar-work-536856132116750863
13/06/04 09:57:44 INFO filecache.TrackerDistributedCacheManager: Cached file:///Users/ITPUser/dev/asakusa/asakusa-develop/workspace/flowpartsample/target/testdriver/batchcwork/jobflow-flowpart.jar as /tmp/hadoop-ITPUser/mapred/local/archive/-3144227101785827298_-1181870537_212894214/file/Users/ITPUser/dev/asakusa/asakusa-develop/workspace/flowpartsample/target/testdriver/batchcwork/jobflow-flowpart.jar
13/06/04 09:57:44 INFO filecache.TrackerDistributedCacheManager: Creating asakusa-runtime-all.jar in /tmp/hadoop-ITPUser/mapred/local/archive/-430297723531696541_1915111154_123561214/file/Users/ITPUser/asakusa-develop/asakusa/core/lib/asakusa-runtime-all.jar-work--3327376054345897545 with rwxr-xr-x
13/06/04 09:57:45 INFO filecache.TrackerDistributedCacheManager: Extracting /tmp/hadoop-ITPUser/mapred/local/archive/-430297723531696541_1915111154_123561214/file/Users/ITPUser/asakusa-develop/asakusa/core/lib/asakusa-runtime-all.jar-work--3327376054345897545/asakusa-runtime-all.jar to /tmp/hadoop-ITPUser/mapred/local/archive/-430297723531696541_1915111154_123561214/file/Users/ITPUser/asakusa-develop/asakusa/core/lib/asakusa-runtime-all.jar-work--3327376054345897545
13/06/04 09:57:45 INFO filecache.TrackerDistributedCacheManager: Cached file:///Users/ITPUser/asakusa-develop/asakusa/core/lib/asakusa-runtime-all.jar as /tmp/hadoop-ITPUser/mapred/local/archive/-430297723531696541_1915111154_123561214/file/Users/ITPUser/asakusa-develop/asakusa/core/lib/asakusa-runtime-all.jar
13/06/04 09:57:46 INFO filecache.TrackerDistributedCacheManager: Creating asakusa-thundergate-runtime.jar in /tmp/hadoop-ITPUser/mapred/local/archive/8016951089760437299_1904919680_123559214/file/Users/ITPUser/asakusa-develop/asakusa/core/lib/asakusa-thundergate-runtime.jar-work-5480435914022118324 with rwxr-xr-x
13/06/04 09:57:46 INFO filecache.TrackerDistributedCacheManager: Extracting /tmp/hadoop-ITPUser/mapred/local/archive/8016951089760437299_1904919680_123559214/file/Users/ITPUser/asakusa-develop/asakusa/core/lib/asakusa-thundergate-runtime.jar-work-5480435914022118324/asakusa-thundergate-runtime.jar to /tmp/hadoop-ITPUser/mapred/local/archive/8016951089760437299_1904919680_123559214/file/Users/ITPUser/asakusa-develop/asakusa/core/lib/asakusa-thundergate-runtime.jar-work-5480435914022118324
13/06/04 09:57:46 INFO filecache.TrackerDistributedCacheManager: Cached file:///Users/ITPUser/asakusa-develop/asakusa/core/lib/asakusa-thundergate-runtime.jar as /tmp/hadoop-ITPUser/mapred/local/archive/8016951089760437299_1904919680_123559214/file/Users/ITPUser/asakusa-develop/asakusa/core/lib/asakusa-thundergate-runtime.jar
13/06/04 09:57:46 INFO stage.AbstractStageClient: Job Submitted: id=job_local_0001, name=testing.flowpart.stage0001
13/06/04 09:57:46 INFO mapred.JobClient: Running job: job_local_0001
13/06/04 09:57:46 INFO mapred.Task:  Using ResourceCalculatorPlugin : null
13/06/04 09:57:46 INFO compress.CodecPool: Got brand-new decompressor
13/06/04 09:57:46 INFO mapred.Task: Task:attempt_local_0001_m_000000_0 is done. And is in the process of commiting
13/06/04 09:57:46 INFO mapred.LocalJobRunner: 
13/06/04 09:57:46 INFO mapred.Task: Task attempt_local_0001_m_000000_0 is allowed to commit now
13/06/04 09:57:46 INFO output.FileOutputCommitter: Saved output of task 'attempt_local_0001_m_000000_0' to target/testdriver/hadoopwork/Part1JobFlowTest-testing-flowpart/temp/testing/flowpart/stage0001
13/06/04 09:57:46 INFO mapred.LocalJobRunner: 
13/06/04 09:57:46 INFO mapred.Task: Task 'attempt_local_0001_m_000000_0' done.
13/06/04 09:57:47 INFO mapred.JobClient:  map 100% reduce 0%
13/06/04 09:57:47 INFO mapred.JobClient: Job complete: job_local_0001
13/06/04 09:57:47 INFO mapred.JobClient: Counters: 11
13/06/04 09:57:47 INFO mapred.JobClient:   com.asakusafw.stage.output.RecordCounters
13/06/04 09:57:47 INFO mapred.JobClient:     result0=1
13/06/04 09:57:47 INFO mapred.JobClient:     result10=1
13/06/04 09:57:47 INFO mapred.JobClient:   File Output Format Counters 
13/06/04 09:57:47 INFO mapred.JobClient:     Bytes Written=0
13/06/04 09:57:47 INFO mapred.JobClient:   File Input Format Counters 
13/06/04 09:57:47 INFO mapred.JobClient:     Bytes Read=0
13/06/04 09:57:47 INFO mapred.JobClient:   FileSystemCounters
13/06/04 09:57:47 INFO mapred.JobClient:     FILE_BYTES_READ=552714
13/06/04 09:57:47 INFO mapred.JobClient:     FILE_BYTES_WRITTEN=615490
13/06/04 09:57:47 INFO mapred.JobClient:   Map-Reduce Framework
13/06/04 09:57:47 INFO mapred.JobClient:     Map input records=3
13/06/04 09:57:47 INFO mapred.JobClient:     Spilled Records=0
13/06/04 09:57:47 INFO mapred.JobClient:     Total committed heap usage (bytes)=85000192
13/06/04 09:57:47 INFO mapred.JobClient:     SPLIT_RAW_BYTES=333
13/06/04 09:57:47 INFO mapred.JobClient:     Map output records=2
13/06/04 09:57:47 INFO stage.AbstractStageClient: Job Finished: elapsed=[3233]ms, succeed=true, id=job_local_0001, name=testing.flowpart.stage0001
09:57:47 [main] INFO  c.a.testdriver.JobflowExecutor - [COMMAND] /Users/ITPUser/asakusa-develop/asakusa/testing/libexec/hadoop-execute.sh /Users/ITPUser/dev/asakusa/asakusa-develop/workspace/flowpartsample/target/testdriver/batchcwork/jobflow-flowpart.jar test.flowpart.testing.flowpart.temporary.output.epilogue.StageClient -D com.asakusafw.executionId=Part1JobFlowTest-testing-flowpart -D com.asakusafw.batchArgs= -D com.asakusafw.user=ITPUser
Starting TestDriver Hadoop Job:
 Hadoop Command: /Users/ITPUser/asakusa-develop/hadoop/bin/hadoop
    App Library: /Users/ITPUser/dev/asakusa/asakusa-develop/workspace/flowpartsample/target/testdriver/batchcwork/jobflow-flowpart.jar
   Execution ID: 
          Class: test.flowpart.testing.flowpart.temporary.output.epilogue.StageClient
  Defined Props: 
    Extra Props: -D com.asakusafw.executionId=Part1JobFlowTest-testing-flowpart -D com.asakusafw.batchArgs= -D com.asakusafw.user=ITPUser
13/06/04 09:57:48 INFO stage.AbstractStageClient: Hadoop Job Client: test.flowpart.testing.flowpart.temporary.output.epilogue.StageClient
13/06/04 09:57:48 INFO stage.AbstractStageClient: Hadoop Job Name: testing.flowpart.epilogue.temporary.output
13/06/04 09:57:48 INFO stage.AbstractStageClient: Input: path=target/testdriver/hadoopwork/Part1JobFlowTest-testing-flowpart/temp/testing/flowpart/stage0001/result0-*, format=com.asakusafw.runtime.stage.input.TemporaryInputFormat, mapper=test.flowpart.testing.flowpart.temporary.output.epilogue.middata1.StageMapper0, attributes={}
13/06/04 09:57:48 INFO stage.AbstractStageClient: Input: path=target/testdriver/hadoopwork/Part1JobFlowTest-testing-flowpart/temp/testing/flowpart/stage0001/result10-*, format=com.asakusafw.runtime.stage.input.TemporaryInputFormat, mapper=test.flowpart.testing.flowpart.temporary.output.epilogue.middata2.StageMapper0, attributes={}
13/06/04 09:57:48 INFO stage.AbstractStageClient: Output: path=target/testdriver/hadoopwork/Part1JobFlowTest-testing-flowpart/output/middata1-*, format=com.asakusafw.runtime.stage.output.TemporaryOutputFormat, key=org.apache.hadoop.io.NullWritable, value=ironpeace.modelgen.dmdl.model.Middata1, attributes={}
13/06/04 09:57:48 INFO stage.AbstractStageClient: Output: path=target/testdriver/hadoopwork/Part1JobFlowTest-testing-flowpart/output/middata2-*, format=com.asakusafw.runtime.stage.output.TemporaryOutputFormat, key=org.apache.hadoop.io.NullWritable, value=ironpeace.modelgen.dmdl.model.Middata2, attributes={}
13/06/04 09:57:48 INFO stage.AbstractStageClient: Reducer: N/A
13/06/04 09:57:48 INFO stage.AbstractStageClient: Submitting Job: testing.flowpart.epilogue.temporary.output
13/06/04 09:57:48 WARN util.NativeCodeLoader: Unable to load native-hadoop library for your platform... using builtin-java classes where applicable
13/06/04 09:57:49 INFO mapred.JobClient: Cleaning up the staging area file:/tmp/hadoop-ITPUser/mapred/staging/ITPUser65890977/.staging/job_local_0001
13/06/04 09:57:49 ERROR security.UserGroupInformation: PriviledgedActionException as:ITPUser cause:java.io.IOException: Output directory target/testdriver/hadoopwork/Part1JobFlowTest-testing-flowpart/output already exists
java.io.IOException: Output directory target/testdriver/hadoopwork/Part1JobFlowTest-testing-flowpart/output already exists
	at com.asakusafw.runtime.stage.output.TemporaryOutputFormat.checkOutputSpecs(TemporaryOutputFormat.java:74)
	at com.asakusafw.runtime.stage.output.StageOutputFormat.checkOutputSpecs(StageOutputFormat.java:62)
	at org.apache.hadoop.mapred.JobClient$2.run(JobClient.java:949)
	at org.apache.hadoop.mapred.JobClient$2.run(JobClient.java:912)
	at java.security.AccessController.doPrivileged(Native Method)
	at javax.security.auth.Subject.doAs(Subject.java:396)
	at org.apache.hadoop.security.UserGroupInformation.doAs(UserGroupInformation.java:1149)
	at org.apache.hadoop.mapred.JobClient.submitJobInternal(JobClient.java:912)
	at org.apache.hadoop.mapreduce.Job.submit(Job.java:500)
	at com.asakusafw.runtime.stage.AbstractStageClient.submit(AbstractStageClient.java:258)
	at com.asakusafw.runtime.stage.AbstractStageClient.execute(AbstractStageClient.java:221)
	at com.asakusafw.runtime.stage.BaseStageClient.run(BaseStageClient.java:121)
	at org.apache.hadoop.util.ToolRunner.run(ToolRunner.java:65)
	at org.apache.hadoop.util.ToolRunner.run(ToolRunner.java:79)
	at com.asakusafw.runtime.stage.ToolLauncher.main(ToolLauncher.java:87)
	at com.asakusafw.runtime.stage.ToolLauncher.main(ToolLauncher.java:66)
	at sun.reflect.NativeMethodAccessorImpl.invoke0(Native Method)
	at sun.reflect.NativeMethodAccessorImpl.invoke(NativeMethodAccessorImpl.java:39)
	at sun.reflect.DelegatingMethodAccessorImpl.invoke(DelegatingMethodAccessorImpl.java:25)
	at java.lang.reflect.Method.invoke(Method.java:597)
	at org.apache.hadoop.util.RunJar.main(RunJar.java:156)
TestDriver Hadoop Job failed with exit code: 255
   Runtime Lib: /Users/ITPUser/asakusa-develop/asakusa/core/lib/asakusa-runtime-all.jar
      Launcher: com.asakusafw.runtime.stage.ToolLauncher
   Stage Class: test.flowpart.testing.flowpart.temporary.output.epilogue.StageClient
 Configuration: -conf /Users/ITPUser/asakusa-develop/asakusa/core/conf/asakusa-resources.xml
     Libraries: -libjars /Users/ITPUser/dev/asakusa/asakusa-develop/workspace/flowpartsample/target/testdriver/batchcwork/jobflow-flowpart.jar,/Users/ITPUser/asakusa-develop/asakusa/core/lib/asakusa-runtime-all.jar,/Users/ITPUser/asakusa-develop/asakusa/core/lib/asakusa-thundergate-runtime.jar
 Defined Props: 
   Extra Props: -D com.asakusafw.executionId=Part1JobFlowTest-testing-flowpart -D com.asakusafw.batchArgs= -D com.asakusafw.user=ITPUser
</system-out>
  </testcase>
</testsuite>